<?xml version="1.0" encoding="UTF-8"?>
<testsuite name="uk.ac.leedsbeckett.studentsesc.controller.CourseControllerTest" tests="4" skipped="0" failures="0" errors="0" timestamp="2023-05-15T02:10:10" hostname="DESKTOP-5TLKU35" time="0.179">
  <properties/>
  <testcase name="enrolCourse()" classname="uk.ac.leedsbeckett.studentsesc.controller.CourseControllerTest" time="0.144"/>
  <testcase name="searchCoursesPost()" classname="uk.ac.leedsbeckett.studentsesc.controller.CourseControllerTest" time="0.003"/>
  <testcase name="viewAllCourses()" classname="uk.ac.leedsbeckett.studentsesc.controller.CourseControllerTest" time="0.001"/>
  <testcase name="viewCourse()" classname="uk.ac.leedsbeckett.studentsesc.controller.CourseControllerTest" time="0.027"/>
  <system-out><![CDATA[]]></system-out>
  <system-err><![CDATA[]]></system-err>
</testsuite>
